1 1 1
1 2 1
2 1 1
1 3 1
2 2 1
3 1 1
1 4 1
2 3 1
3 2 1
4 1 1
1 5 1
2 4 1
4 2 1
5 1 1
1 6 1
2 5 1
5 2 1
6 1 1
1 7 1
2 6 1
6 2 1
7 1 1
1 8 1
2 7 1
7 2 1
8 1 1
1 9 1
2 8 1
8 2 1
9 1 1
1 10 1
2 9 1
9 2 1
10 1 1
1 11 1
2 10 1
9 3 1
10 2 1
1 12 1
2 11 1
9 4 1
10 3 1
1 13 1
2 12 1
9 5 1
10 4 1
1 14 1
2 13 1
9 6 1
8 5 1
10 5 1
1 15 1
2 14 1
3 13 1
8 6 1
10 6 1
7 5 1
1 16 1
2 15 1
3 14 1
4 13 1
7 6 1
6 5 1
1 17 1
2 16 1
4 14 1
5 13 1
6 6 1
5 5 1
1 18 1
2 17 1
5 14 1
5 12 1
6 13 1
6 7 1
5 6 1
2 18 1
6 14 1
5 11 1
6 12 1
6 8 1
5 7 1
5 10 1
6 11 1
6 9 1
5 8 1
5 9 1
6 10 1
7 9 1
7 10 1
8 9 1
8 10 1
9 9 1
9 10 1
10 9 1
9 11 1
10 10 1
9 12 1
10 11 1
9 13 1
10 12 1
9 14 1
10 13 1
9 15 1
10 14 1
11 13 1
9 16 1
10 15 1
11 14 1
12 13 1
9 17 1
10 16 1
12 14 1
13 13 1
9 18 1
8 17 1
10 17 1
13 14 1
14 13 1
8 18 1
10 18 1
7 17 1
13 15 1
14 14 1
15 13 1
7 18 1
6 17 1
13 16 1
14 15 1
15 14 1
16 13 1
6 18 1
5 17 1
13 17 1
14 16 1
16 14 1
17 13 1
6 19 1
5 18 1
13 18 1
14 17 1
17 14 1
17 12 1
18 13 1
6 20 1
5 19 1
14 18 1
15 17 1
18 14 1
17 11 1
18 12 1
6 21 1
5 20 1
15 18 1
16 17 1
17 10 1
18 11 1
6 22 1
5 21 1
7 21 1
16 18 1
17 17 1
17 9 1
16 10 1
18 10 1
6 23 1
5 22 1
7 22 1
8 21 1
17 18 1
18 17 1
17 8 1
16 9 1
18 9 1
15 10 1
19 10 1
6 24 1
5 23 1
8 22 1
9 21 1
18 18 1
19 17 1
17 7 1
18 8 1
15 9 1
19 9 1
14 10 1
20 10 1
6 25 1
5 24 1
9 22 1
10 21 1
19 18 1
20 17 1
17 6 1
18 7 1
14 9 1
20 9 1
13 10 1
21 10 1
6 26 1
5 25 1
7 25 1
10 22 1
20 18 1
21 17 1
17 5 1
18 6 1
14 8 1
13 9 1
21 9 1
21 11 1
22 10 1
6 27 1
5 26 1
7 26 1
8 25 1
21 18 1
22 17 1
17 4 1
18 5 1
14 7 1
13 8 1
21 8 1
22 9 1
21 12 1
22 11 1
6 28 1
5 27 1
8 26 1
9 25 1
22 18 1
23 17 1
17 3 1
18 4 1
14 6 1
13 7 1
21 7 1
22 8 1
21 13 1
22 12 1
6 29 1
5 28 1
9 26 1
10 25 1
23 18 1
24 17 1
17 2 1
18 3 1
14 5 1
13 6 1
21 6 1
22 7 1
21 14 1
22 13 1
6 30 1
5 29 1
10 26 1
11 25 1
24 18 1
25 17 1
17 1 1
16 2 1
18 2 1
13 5 1
21 5 1
22 6 1
22 14 1
5 30 1
4 29 1
11 26 1
12 25 1
25 18 1
26 17 1
16 1 1
18 1 1
15 2 1
21 4 1
22 5 1
23 6 1
4 30 1
3 29 1
12 26 1
13 25 1
25 19 1
26 18 1
15 1 1
14 2 1
21 3 1
22 4 1
23 5 1
24 6 1
3 30 1
2 29 1
13 26 1
13 24 1
14 25 1
25 20 1
26 19 1
14 1 1
13 2 1
21 2 1
22 3 1
24 5 1
25 6 1
2 30 1
2 28 1
1 29 1
14 26 1
13 23 1
14 24 1
25 21 1
26 20 1
13 1 1
21 1 1
22 2 1
25 5 1
25 7 1
26 6 1
1 30 1
2 27 1
1 28 1
13 22 1
14 23 1
25 22 1
26 21 1
22 1 1
25 4 1
26 5 1
25 8 1
26 7 1
2 26 1
1 27 1
13 21 1
14 22 1
25 23 1
26 22 1
25 3 1
26 4 1
25 9 1
26 8 1
2 25 1
1 26 1
14 21 1
25 24 1
26 23 1
25 2 1
26 3 1
25 10 1
26 9 1
2 24 1
1 25 1
25 25 1
26 24 1
25 1 1
26 2 1
25 11 1
26 10 1
27 9 1
2 23 1
1 24 1
25 26 1
24 25 1
26 25 1
26 1 1
27 2 1
25 12 1
26 11 1
27 10 1
28 9 1
2 22 1
1 23 1
25 27 1
24 26 1
26 26 1
23 25 1
27 25 1
27 1 1
28 2 1
25 13 1
26 12 1
28 10 1
29 9 1
2 21 1
1 22 1
25 28 1
26 27 1
23 26 1
27 26 1
22 25 1
28 25 1
28 1 1
29 2 1
25 14 1
26 13 1
29 10 1
30 9 1
1 21 1
25 29 1
26 28 1
22 26 1
28 26 1
21 25 1
29 25 1
29 1 1
30 2 1
26 14 1
29 11 1
30 10 1
31 9 1
25 30 1
26 29 1
22 27 1
21 26 1
29 26 1
20 25 1
30 25 1
30 1 1
31 2 1
29 12 1
30 11 1
31 10 1
32 9 1
25 31 1
26 30 1
22 28 1
21 27 1
20 26 1
29 27 1
30 26 1
19 25 1
31 1 1
32 2 1
29 13 1
30 12 1
32 10 1
33 9 1
25 32 1
26 31 1
22 29 1
21 28 1
19 26 1
29 28 1
30 27 1
18 25 1
32 1 1
33 2 1
29 14 1
30 13 1
33 10 1
34 9 1
25 33 1
26 32 1
22 30 1
21 29 1
18 26 1
29 29 1
30 28 1
18 24 1
17 25 1
33 1 1
33 3 1
34 2 1
30 14 1
31 13 1
34 10 1
25 34 1
26 33 1
21 30 1
20 29 1
17 26 1
29 30 1
30 29 1
18 23 1
17 24 1
34 1 1
33 4 1
34 3 1
31 14 1
32 13 1
25 35 1
26 34 1
20 30 1
19 29 1
30 30 1
18 22 1
17 23 1
33 5 1
34 4 1
32 14 1
33 13 1
25 36 1
26 35 1
19 30 1
18 29 1
18 21 1
17 22 1
19 22 1
33 6 1
32 5 1
34 5 1
33 14 1
34 13 1
25 37 1
26 36 1
18 30 1
17 29 1
17 21 1
19 21 1
20 22 1
32 6 1
34 6 1
31 5 1
35 5 1
34 14 1
25 38 1
24 37 1
26 37 1
17 30 1
16 29 1
20 21 1
21 22 1
31 6 1
35 6 1
30 5 1
36 5 1
24 38 1
26 38 1
23 37 1
27 37 1
16 30 1
15 29 1
21 21 1
22 22 1
30 6 1
36 6 1
29 5 1
37 5 1
23 38 1
27 38 1
22 37 1
28 37 1
15 30 1
14 29 1
22 21 1
29 6 1
37 6 1
37 4 1
38 5 1
22 38 1
28 38 1
22 36 1
21 37 1
29 37 1
14 30 1
13 29 1
37 7 1
38 6 1
37 3 1
38 4 1
21 38 1
29 38 1
22 35 1
21 36 1
29 36 1
30 37 1
13 30 1
12 29 1
37 8 1
38 7 1
37 2 1
38 3 1
30 38 1
22 34 1
21 35 1
29 35 1
30 36 1
12 30 1
11 29 1
37 9 1
38 8 1
37 1 1
38 2 1
22 33 1
21 34 1
29 34 1
30 35 1
11 30 1
10 29 1
37 10 1
38 9 1
38 1 1
21 33 1
20 34 1
29 33 1
30 34 1
10 30 1
9 29 1
38 10 1
20 33 1
19 34 1
30 33 1
31 34 1
10 31 1
9 30 1
19 33 1
18 34 1
31 33 1
32 34 1
10 32 1
9 31 1
18 33 1
17 34 1
32 33 1
33 34 1
10 33 1
9 32 1
17 33 1
16 34 1
33 33 1
33 35 1
34 34 1
10 34 1
9 33 1
11 33 1
16 33 1
15 34 1
34 33 1
33 36 1
34 35 1
9 34 1
11 34 1
8 33 1
12 33 1
15 33 1
14 34 1
33 37 1
34 36 1
8 34 1
12 34 1
7 33 1
13 33 1
14 33 1
14 35 1
13 34 1
33 38 1
34 37 1
7 34 1
6 33 1
14 36 1
13 35 1
34 38 1
35 37 1
6 34 1
5 33 1
14 37 1
13 36 1
35 38 1
36 37 1
5 34 1
4 33 1
14 38 1
13 37 1
15 37 1
36 38 1
37 37 1
4 34 1
3 33 1
13 38 1
15 38 1
12 37 1
16 37 1
37 38 1
37 36 1
38 37 1
3 34 1
2 33 1
12 38 1
16 38 1
11 37 1
17 37 1
